2024-11-17 23:10:46.294 GMT [1] LOG:  starting PostgreSQL 17.1 (Debian 17.1-1.pgdg120+1) on x86_64-pc-linux-gnu, compiled by gcc (Debian 12.2.0-14) 12.2.0, 64-bit
2024-11-17 23:10:46.574 GMT [1] LOG:  listening on IPv4 address "0.0.0.0", port 5432
2024-11-17 23:10:46.574 GMT [1] LOG:  listening on IPv6 address "::", port 5432
2024-11-17 23:10:46.577 GMT [1] LOG:  listening on Unix socket "/var/run/postgresql/.s.PGSQL.5432"
2024-11-17 23:10:46.582 GMT [30] LOG:  database system was shut down at 2024-11-17 23:06:11 GMT
2024-11-17 23:10:46.678 GMT [1] LOG:  database system is ready to accept connections
2024-11-17 23:15:11.958 GMT [34] LOG:  statement: SET DateStyle=ISO; SET client_min_messages=notice; SELECT set_config('bytea_output','hex',false) FROM pg_show_all_settings() WHERE name = 'bytea_output'; SET client_encoding='utf-8';
2024-11-17 23:15:11.960 GMT [34] LOG:  AUDIT: SESSION,1,1,MISC,SET,,,SET DateStyle=ISO,<not logged>
2024-11-17 23:15:11.960 GMT [34] LOG:  AUDIT: SESSION,2,1,MISC,SET,,,SET client_min_messages=notice,<not logged>
2024-11-17 23:15:12.262 GMT [34] LOG:  AUDIT: SESSION,3,1,READ,SELECT,,,"SELECT set_config('bytea_output','hex',false) FROM pg_show_all_settings() WHERE name = 'bytea_output'",<not logged>
2024-11-17 23:15:12.459 GMT [34] LOG:  AUDIT: SESSION,4,1,MISC,SET,,,SET client_encoding='utf-8',<not logged>
2024-11-17 23:15:12.459 GMT [34] LOG:  duration: 898.980 ms
2024-11-17 23:15:12.461 GMT [34] LOG:  statement: SELECT version()
2024-11-17 23:15:12.462 GMT [34] LOG:  AUDIT: SESSION,5,1,READ,SELECT,,,SELECT version(),<not logged>
2024-11-17 23:15:12.462 GMT [34] LOG:  duration: 1.502 ms
2024-11-17 23:15:12.558 GMT [34] LOG:  statement: 
	SELECT
	    db.oid as did, db.datname, db.datallowconn,
	    pg_encoding_to_char(db.encoding) AS serverencoding,
	    has_database_privilege(db.oid, 'CREATE') as cancreate,
	    datistemplate
	FROM
	    pg_catalog.pg_database db
	WHERE db.datname = current_database()
2024-11-17 23:15:12.769 GMT [34] LOG:  AUDIT: SESSION,6,1,READ,SELECT,,,"SELECT
	    db.oid as did, db.datname, db.datallowconn,
	    pg_encoding_to_char(db.encoding) AS serverencoding,
	    has_database_privilege(db.oid, 'CREATE') as cancreate,
	    datistemplate
	FROM
	    pg_catalog.pg_database db
	WHERE db.datname = current_database()",<not logged>
2024-11-17 23:15:12.772 GMT [34] LOG:  duration: 309.452 ms
2024-11-17 23:15:12.774 GMT [34] LOG:  statement: 
	        SELECT
	             gss_authenticated, encrypted
	        FROM
	            pg_catalog.pg_stat_gssapi
	        WHERE pid = pg_backend_pid()
2024-11-17 23:15:12.862 GMT [34] LOG:  AUDIT: SESSION,7,1,READ,SELECT,,,"SELECT
	             gss_authenticated, encrypted
	        FROM
	            pg_catalog.pg_stat_gssapi
	        WHERE pid = pg_backend_pid()",<not logged>
2024-11-17 23:15:13.259 GMT [34] LOG:  duration: 484.966 ms
2024-11-17 23:15:13.260 GMT [34] LOG:  statement: 
	        SELECT
	            roles.oid as id, roles.rolname as name,
	            roles.rolsuper as is_superuser,
	            CASE WHEN roles.rolsuper THEN true ELSE roles.rolcreaterole END as
	            can_create_role,
	            CASE WHEN roles.rolsuper THEN true
	            ELSE roles.rolcreatedb END as can_create_db,
	            CASE WHEN 'pg_signal_backend'=ANY(ARRAY(WITH RECURSIVE cte AS (
	            SELECT pg_roles.oid,pg_roles.rolname FROM pg_roles
	                WHERE pg_roles.oid = roles.oid
	            UNION ALL
	            SELECT m.roleid,pgr.rolname FROM cte cte_1
	                JOIN pg_auth_members m ON m.member = cte_1.oid
	                JOIN pg_roles pgr ON pgr.oid = m.roleid)
	            SELECT rolname  FROM cte)) THEN True
	            ELSE False END as can_signal_backend
	        FROM
	            pg_catalog.pg_roles as roles
	        WHERE
	            rolname = current_user
2024-11-17 23:15:13.367 GMT [34] LOG:  AUDIT: SESSION,8,1,READ,SELECT,,,"SELECT
	            roles.oid as id, roles.rolname as name,
	            roles.rolsuper as is_superuser,
	            CASE WHEN roles.rolsuper THEN true ELSE roles.rolcreaterole END as
	            can_create_role,
	            CASE WHEN roles.rolsuper THEN true
	            ELSE roles.rolcreatedb END as can_create_db,
	            CASE WHEN 'pg_signal_backend'=ANY(ARRAY(WITH RECURSIVE cte AS (
	            SELECT pg_roles.oid,pg_roles.rolname FROM pg_roles
	                WHERE pg_roles.oid = roles.oid
	            UNION ALL
	            SELECT m.roleid,pgr.rolname FROM cte cte_1
	                JOIN pg_auth_members m ON m.member = cte_1.oid
	                JOIN pg_roles pgr ON pgr.oid = m.roleid)
	            SELECT rolname  FROM cte)) THEN True
	            ELSE False END as can_signal_backend
	        FROM
	            pg_catalog.pg_roles as roles
	        WHERE
	            rolname = current_user",<not logged>
2024-11-17 23:15:13.368 GMT [34] LOG:  duration: 108.666 ms
2024-11-17 23:15:13.383 GMT [34] LOG:  statement: SELECT CASE
	    WHEN (SELECT count(extname) FROM pg_catalog.pg_extension WHERE extname='bdr') > 0
	    THEN 'pgd'
	    WHEN (SELECT COUNT(*) FROM pg_replication_slots) > 0
	    THEN 'log'
	    ELSE NULL
	END as type;
2024-11-17 23:15:13.465 GMT [34] LOG:  AUDIT: SESSION,9,1,READ,SELECT,,,"SELECT CASE
	    WHEN (SELECT count(extname) FROM pg_catalog.pg_extension WHERE extname='bdr') > 0
	    THEN 'pgd'
	    WHEN (SELECT COUNT(*) FROM pg_replication_slots) > 0
	    THEN 'log'
	    ELSE NULL
	END as type",<not logged>
2024-11-17 23:15:13.466 GMT [34] LOG:  duration: 83.508 ms
2024-11-17 23:15:13.602 GMT [34] LOG:  statement: /*pga4dash*/
	SELECT 'session_stats' AS chart_name, pg_catalog.row_to_json(t) AS chart_data
	FROM (SELECT
	   (SELECT count(*) FROM pg_catalog.pg_stat_activity) AS "Totales",
	   (SELECT count(*) FROM pg_catalog.pg_stat_activity WHERE state = 'active')  AS "Activa",
	   (SELECT count(*) FROM pg_catalog.pg_stat_activity WHERE state = 'idle')  AS "Inactiva"
	) t
	UNION ALL
	SELECT 'tps_stats' AS chart_name, pg_catalog.row_to_json(t) AS chart_data
	FROM (SELECT
	   (SELECT sum(xact_commit) + sum(xact_rollback) FROM pg_catalog.pg_stat_database) AS "Transacciones",
	   (SELECT sum(xact_commit) FROM pg_catalog.pg_stat_database) AS "Cometer",
	   (SELECT sum(xact_rollback) FROM pg_catalog.pg_stat_database) AS "Retroceder"
	) t
	UNION ALL
	SELECT 'ti_stats' AS chart_name, pg_catalog.row_to_json(t) AS chart_data
	FROM (SELECT
	   (SELECT sum(tup_inserted) FROM pg_catalog.pg_stat_database) AS "Insersiones",
	   (SELECT sum(tup_updated) FROM pg_catalog.pg_stat_database) AS "Actualizaciones",
	   (SELECT sum(tup_deleted) FROM pg_catalog.pg_stat_database) AS "Borrados"
	) t
	UNION ALL
	SELECT 'to_stats' AS chart_name, pg_catalog.row_to_json(t) AS chart_data
	FROM (SELECT
	   (SELECT sum(tup_fetched) FROM pg_catalog.pg_stat_database) AS "Recuperado",
	   (SELECT sum(tup_returned) FROM pg_catalog.pg_stat_database) AS "Retornado"
	) t
	UNION ALL
	SELECT 'bio_stats' AS chart_name, pg_catalog.row_to_json(t) AS chart_data
	FROM (SELECT
	   (SELECT sum(blks_read) FROM pg_catalog.pg_stat_database) AS "Leidas",
	   (SELECT sum(blks_hit) FROM pg_catalog.pg_stat_database) AS "Tocadas"
	) t
	
2024-11-17 23:15:17.874 GMT [34] LOG:  AUDIT: SESSION,10,1,READ,SELECT,,,"/*pga4dash*/
	SELECT 'session_stats' AS chart_name, pg_catalog.row_to_json(t) AS chart_data
	FROM (SELECT
	   (SELECT count(*) FROM pg_catalog.pg_stat_activity) AS ""Totales"",
	   (SELECT count(*) FROM pg_catalog.pg_stat_activity WHERE state = 'active')  AS ""Activa"",
	   (SELECT count(*) FROM pg_catalog.pg_stat_activity WHERE state = 'idle')  AS ""Inactiva""
	) t
	UNION ALL
	SELECT 'tps_stats' AS chart_name, pg_catalog.row_to_json(t) AS chart_data
	FROM (SELECT
	   (SELECT sum(xact_commit) + sum(xact_rollback) FROM pg_catalog.pg_stat_database) AS ""Transacciones"",
	   (SELECT sum(xact_commit) FROM pg_catalog.pg_stat_database) AS ""Cometer"",
	   (SELECT sum(xact_rollback) FROM pg_catalog.pg_stat_database) AS ""Retroceder""
	) t
	UNION ALL
	SELECT 'ti_stats' AS chart_name, pg_catalog.row_to_json(t) AS chart_data
	FROM (SELECT
	   (SELECT sum(tup_inserted) FROM pg_catalog.pg_stat_database) AS ""Insersiones"",
	   (SELECT sum(tup_updated) FROM pg_catalog.pg_stat_database) AS ""Actualizaciones"",
	   (SELECT sum(tup_deleted) FROM pg_catalog.pg_stat_database) AS ""Borrados""
	) t
	UNION ALL
	SELECT 'to_stats' AS chart_name, pg_catalog.row_to_json(t) AS chart_data
	FROM (SELECT
	   (SELECT sum(tup_fetched) FROM pg_catalog.pg_stat_database) AS ""Recuperado"",
	   (SELECT sum(tup_returned) FROM pg_catalog.pg_stat_database) AS ""Retornado""
	) t
	UNION ALL
	SELECT 'bio_stats' AS chart_name, pg_catalog.row_to_json(t) AS chart_data
	FROM (SELECT
	   (SELECT sum(blks_read) FROM pg_catalog.pg_stat_database) AS ""Leidas"",
	   (SELECT sum(blks_hit) FROM pg_catalog.pg_stat_database) AS ""Tocadas""
	) t",<not logged>
2024-11-17 23:15:17.875 GMT [34] LOG:  duration: 4273.189 ms
2024-11-17 23:15:17.877 GMT [34] LOG:  statement: SELECT CASE WHEN usesuper
	       THEN pg_catalog.pg_is_in_recovery()
	       ELSE FALSE
	       END as inrecovery,
	       CASE WHEN usesuper AND pg_catalog.pg_is_in_recovery()
	       THEN pg_is_wal_replay_paused()
	       ELSE FALSE
	       END as isreplaypaused
	FROM pg_catalog.pg_user WHERE usename=current_user
2024-11-17 23:15:17.878 GMT [34] LOG:  AUDIT: SESSION,11,1,READ,SELECT,,,"SELECT CASE WHEN usesuper
	       THEN pg_catalog.pg_is_in_recovery()
	       ELSE FALSE
	       END as inrecovery,
	       CASE WHEN usesuper AND pg_catalog.pg_is_in_recovery()
	       THEN pg_is_wal_replay_paused()
	       ELSE FALSE
	       END as isreplaypaused
	FROM pg_catalog.pg_user WHERE usename=current_user",<not logged>
2024-11-17 23:15:17.958 GMT [34] LOG:  duration: 80.751 ms
2024-11-17 23:15:17.959 GMT [34] LOG:  statement: SELECT CASE
	    WHEN (SELECT count(extname) FROM pg_catalog.pg_extension WHERE extname='bdr') > 0
	    THEN 'pgd'
	    WHEN (SELECT COUNT(*) FROM pg_replication_slots) > 0
	    THEN 'log'
	    ELSE NULL
	END as type;
2024-11-17 23:15:17.959 GMT [34] LOG:  AUDIT: SESSION,12,1,READ,SELECT,,,"SELECT CASE
	    WHEN (SELECT count(extname) FROM pg_catalog.pg_extension WHERE extname='bdr') > 0
	    THEN 'pgd'
	    WHEN (SELECT COUNT(*) FROM pg_replication_slots) > 0
	    THEN 'log'
	    ELSE NULL
	END as type",<not logged>
2024-11-17 23:15:17.959 GMT [34] LOG:  duration: 0.377 ms
2024-11-17 23:15:18.602 GMT [34] LOG:  statement: /*pga4dash*/
	SELECT 'session_stats' AS chart_name, pg_catalog.row_to_json(t) AS chart_data
	FROM (SELECT
	   (SELECT count(*) FROM pg_catalog.pg_stat_activity) AS "Totales",
	   (SELECT count(*) FROM pg_catalog.pg_stat_activity WHERE state = 'active')  AS "Activa",
	   (SELECT count(*) FROM pg_catalog.pg_stat_activity WHERE state = 'idle')  AS "Inactiva"
	) t
	UNION ALL
	SELECT 'tps_stats' AS chart_name, pg_catalog.row_to_json(t) AS chart_data
	FROM (SELECT
	   (SELECT sum(xact_commit) + sum(xact_rollback) FROM pg_catalog.pg_stat_database) AS "Transacciones",
	   (SELECT sum(xact_commit) FROM pg_catalog.pg_stat_database) AS "Cometer",
	   (SELECT sum(xact_rollback) FROM pg_catalog.pg_stat_database) AS "Retroceder"
	) t
	UNION ALL
	SELECT 'ti_stats' AS chart_name, pg_catalog.row_to_json(t) AS chart_data
	FROM (SELECT
	   (SELECT sum(tup_inserted) FROM pg_catalog.pg_stat_database) AS "Insersiones",
	   (SELECT sum(tup_updated) FROM pg_catalog.pg_stat_database) AS "Actualizaciones",
	   (SELECT sum(tup_deleted) FROM pg_catalog.pg_stat_database) AS "Borrados"
	) t
	UNION ALL
	SELECT 'to_stats' AS chart_name, pg_catalog.row_to_json(t) AS chart_data
	FROM (SELECT
	   (SELECT sum(tup_fetched) FROM pg_catalog.pg_stat_database) AS "Recuperado",
	   (SELECT sum(tup_returned) FROM pg_catalog.pg_stat_database) AS "Retornado"
	) t
	UNION ALL
	SELECT 'bio_stats' AS chart_name, pg_catalog.row_to_json(t) AS chart_data
	FROM (SELECT
	   (SELECT sum(blks_read) FROM pg_catalog.pg_stat_database) AS "Leidas",
	   (SELECT sum(blks_hit) FROM pg_catalog.pg_stat_database) AS "Tocadas"
	) t
	
2024-11-17 23:15:20.658 GMT [34] LOG:  AUDIT: SESSION,13,1,READ,SELECT,,,"/*pga4dash*/
	SELECT 'session_stats' AS chart_name, pg_catalog.row_to_json(t) AS chart_data
	FROM (SELECT
	   (SELECT count(*) FROM pg_catalog.pg_stat_activity) AS ""Totales"",
	   (SELECT count(*) FROM pg_catalog.pg_stat_activity WHERE state = 'active')  AS ""Activa"",
	   (SELECT count(*) FROM pg_catalog.pg_stat_activity WHERE state = 'idle')  AS ""Inactiva""
	) t
	UNION ALL
	SELECT 'tps_stats' AS chart_name, pg_catalog.row_to_json(t) AS chart_data
	FROM (SELECT
	   (SELECT sum(xact_commit) + sum(xact_rollback) FROM pg_catalog.pg_stat_database) AS ""Transacciones"",
	   (SELECT sum(xact_commit) FROM pg_catalog.pg_stat_database) AS ""Cometer"",
	   (SELECT sum(xact_rollback) FROM pg_catalog.pg_stat_database) AS ""Retroceder""
	) t
	UNION ALL
	SELECT 'ti_stats' AS chart_name, pg_catalog.row_to_json(t) AS chart_data
	FROM (SELECT
	   (SELECT sum(tup_inserted) FROM pg_catalog.pg_stat_database) AS ""Insersiones"",
	   (SELECT sum(tup_updated) FROM pg_catalog.pg_stat_database) AS ""Actualizaciones"",
	   (SELECT sum(tup_deleted) FROM pg_catalog.pg_stat_database) AS ""Borrados""
	) t
	UNION ALL
	SELECT 'to_stats' AS chart_name, pg_catalog.row_to_json(t) AS chart_data
	FROM (SELECT
	   (SELECT sum(tup_fetched) FROM pg_catalog.pg_stat_database) AS ""Recuperado"",
	   (SELECT sum(tup_returned) FROM pg_catalog.pg_stat_database) AS ""Retornado""
	) t
	UNION ALL
	SELECT 'bio_stats' AS chart_name, pg_catalog.row_to_json(t) AS chart_data
	FROM (SELECT
	   (SELECT sum(blks_read) FROM pg_catalog.pg_stat_database) AS ""Leidas"",
	   (SELECT sum(blks_hit) FROM pg_catalog.pg_stat_database) AS ""Tocadas""
	) t",<not logged>
2024-11-17 23:15:20.660 GMT [34] LOG:  duration: 2057.676 ms
2024-11-17 23:15:20.662 GMT [34] LOG:  statement: 
	SELECT
	    has_table_privilege(
	      'pgagent.pga_job', 'INSERT, SELECT, UPDATE'
	    ) has_priviledge
	WHERE EXISTS(
	    SELECT has_schema_privilege('pgagent', 'USAGE')
	    WHERE EXISTS(
	        SELECT cl.oid FROM pg_catalog.pg_class cl
	        LEFT JOIN pg_catalog.pg_namespace ns ON ns.oid=relnamespace
	        WHERE relname='pga_job' AND nspname='pgagent'
	    )
	)
	
2024-11-17 23:15:20.675 GMT [34] LOG:  AUDIT: SESSION,14,1,READ,SELECT,,,"SELECT
	    has_table_privilege(
	      'pgagent.pga_job', 'INSERT, SELECT, UPDATE'
	    ) has_priviledge
	WHERE EXISTS(
	    SELECT has_schema_privilege('pgagent', 'USAGE')
	    WHERE EXISTS(
	        SELECT cl.oid FROM pg_catalog.pg_class cl
	        LEFT JOIN pg_catalog.pg_namespace ns ON ns.oid=relnamespace
	        WHERE relname='pga_job' AND nspname='pgagent'
	    )
	)",<not logged>
2024-11-17 23:15:20.676 GMT [34] LOG:  duration: 13.666 ms
2024-11-17 23:15:20.684 GMT [34] LOG:  statement: SELECT CASE
	    WHEN (SELECT count(extname) FROM pg_catalog.pg_extension WHERE extname='bdr') > 0
	    THEN 'pgd'
	    WHEN (SELECT COUNT(*) FROM pg_replication_slots) > 0
	    THEN 'log'
	    ELSE NULL
	END as type;
2024-11-17 23:15:20.684 GMT [34] LOG:  AUDIT: SESSION,15,1,READ,SELECT,,,"SELECT CASE
	    WHEN (SELECT count(extname) FROM pg_catalog.pg_extension WHERE extname='bdr') > 0
	    THEN 'pgd'
	    WHEN (SELECT COUNT(*) FROM pg_replication_slots) > 0
	    THEN 'log'
	    ELSE NULL
	END as type",<not logged>
2024-11-17 23:15:20.684 GMT [34] LOG:  duration: 0.611 ms
2024-11-17 23:15:20.687 GMT [34] LOG:  statement: SELECT CASE
	    WHEN (SELECT count(extname) FROM pg_catalog.pg_extension WHERE extname='bdr') > 0
	    THEN 'pgd'
	    WHEN (SELECT COUNT(*) FROM pg_replication_slots) > 0
	    THEN 'log'
	    ELSE NULL
	END as type;
2024-11-17 23:15:20.688 GMT [34] LOG:  AUDIT: SESSION,16,1,READ,SELECT,,,"SELECT CASE
	    WHEN (SELECT count(extname) FROM pg_catalog.pg_extension WHERE extname='bdr') > 0
	    THEN 'pgd'
	    WHEN (SELECT COUNT(*) FROM pg_replication_slots) > 0
	    THEN 'log'
	    ELSE NULL
	END as type",<not logged>
2024-11-17 23:15:20.688 GMT [34] LOG:  duration: 0.619 ms
2024-11-17 23:15:22.221 GMT [34] LOG:  statement: SELECT
	    db.oid as did, db.datname as name, ta.spcname as spcname, db.datallowconn,
	    db.datistemplate AS is_template,
	    pg_catalog.has_database_privilege(db.oid, 'CREATE') as cancreate, datdba as owner,
	    descr.description
	FROM
	    pg_catalog.pg_database db
	    LEFT OUTER JOIN pg_catalog.pg_tablespace ta ON db.dattablespace = ta.oid
	    LEFT OUTER JOIN pg_catalog.pg_shdescription descr ON (
	        db.oid=descr.objoid AND descr.classoid='pg_database'::regclass
	    )
	WHERE         db.oid > 16383::OID OR db.datname IN ('postgres', 'edb')
	
	ORDER BY datname;
2024-11-17 23:15:22.224 GMT [34] LOG:  AUDIT: SESSION,17,1,READ,SELECT,,,"SELECT
	    db.oid as did, db.datname as name, ta.spcname as spcname, db.datallowconn,
	    db.datistemplate AS is_template,
	    pg_catalog.has_database_privilege(db.oid, 'CREATE') as cancreate, datdba as owner,
	    descr.description
	FROM
	    pg_catalog.pg_database db
	    LEFT OUTER JOIN pg_catalog.pg_tablespace ta ON db.dattablespace = ta.oid
	    LEFT OUTER JOIN pg_catalog.pg_shdescription descr ON (
	        db.oid=descr.objoid AND descr.classoid='pg_database'::regclass
	    )
	WHERE         db.oid > 16383::OID OR db.datname IN ('postgres', 'edb')
	
	ORDER BY datname",<not logged>
2024-11-17 23:15:22.225 GMT [34] LOG:  duration: 3.773 ms
2024-11-17 23:15:22.491 GMT [34] LOG:  statement: /*pga4dash*/
	SELECT 'session_stats' AS chart_name, pg_catalog.row_to_json(t) AS chart_data
	FROM (SELECT
	   (SELECT count(*) FROM pg_catalog.pg_stat_activity WHERE datname = (SELECT datname FROM pg_catalog.pg_database WHERE oid = 5)) AS "Totales",
	   (SELECT count(*) FROM pg_catalog.pg_stat_activity WHERE state = 'active' AND datname = (SELECT datname FROM pg_catalog.pg_database WHERE oid = 5))  AS "Activa",
	   (SELECT count(*) FROM pg_catalog.pg_stat_activity WHERE state = 'idle' AND datname = (SELECT datname FROM pg_catalog.pg_database WHERE oid = 5))  AS "Inactiva"
	) t
	UNION ALL
	SELECT 'tps_stats' AS chart_name, pg_catalog.row_to_json(t) AS chart_data
	FROM (SELECT
	   (SELECT sum(xact_commit) + sum(xact_rollback) FROM pg_catalog.pg_stat_database WHERE datname = (SELECT datname FROM pg_catalog.pg_database WHERE oid = 5)) AS "Transacciones",
	   (SELECT sum(xact_commit) FROM pg_catalog.pg_stat_database WHERE datname = (SELECT datname FROM pg_catalog.pg_database WHERE oid = 5)) AS "Cometer",
	   (SELECT sum(xact_rollback) FROM pg_catalog.pg_stat_database WHERE datname = (SELECT datname FROM pg_catalog.pg_database WHERE oid = 5)) AS "Retroceder"
	) t
	UNION ALL
	SELECT 'ti_stats' AS chart_name, pg_catalog.row_to_json(t) AS chart_data
	FROM (SELECT
	   (SELECT sum(tup_inserted) FROM pg_catalog.pg_stat_database WHERE datname = (SELECT datname FROM pg_catalog.pg_database WHERE oid = 5)) AS "Insersiones",
	   (SELECT sum(tup_updated) FROM pg_catalog.pg_stat_database WHERE datname = (SELECT datname FROM pg_catalog.pg_database WHERE oid = 5)) AS "Actualizaciones",
	   (SELECT sum(tup_deleted) FROM pg_catalog.pg_stat_database WHERE datname = (SELECT datname FROM pg_catalog.pg_database WHERE oid = 5)) AS "Borrados"
	) t
	UNION ALL
	SELECT 'to_stats' AS chart_name, pg_catalog.row_to_json(t) AS chart_data
	FROM (SELECT
	   (SELECT sum(tup_fetched) FROM pg_catalog.pg_stat_database WHERE datname = (SELECT datname FROM pg_catalog.pg_database WHERE oid = 5)) AS "Recuperado",
	   (SELECT sum(tup_returned) FROM pg_catalog.pg_stat_database WHERE datname = (SELECT datname FROM pg_catalog.pg_database WHERE oid = 5)) AS "Retornado"
	) t
	UNION ALL
	SELECT 'bio_stats' AS chart_name, pg_catalog.row_to_json(t) AS chart_data
	FROM (SELECT
	   (SELECT sum(blks_read) FROM pg_catalog.pg_stat_database WHERE datname = (SELECT datname FROM pg_catalog.pg_database WHERE oid = 5)) AS "Leidas",
	   (SELECT sum(blks_hit) FROM pg_catalog.pg_stat_database WHERE datname = (SELECT datname FROM pg_catalog.pg_database WHERE oid = 5)) AS "Tocadas"
	) t
	
2024-11-17 23:15:23.063 GMT [34] LOG:  AUDIT: SESSION,18,1,READ,SELECT,,,"/*pga4dash*/
	SELECT 'session_stats' AS chart_name, pg_catalog.row_to_json(t) AS chart_data
	FROM (SELECT
	   (SELECT count(*) FROM pg_catalog.pg_stat_activity WHERE datname = (SELECT datname FROM pg_catalog.pg_database WHERE oid = 5)) AS ""Totales"",
	   (SELECT count(*) FROM pg_catalog.pg_stat_activity WHERE state = 'active' AND datname = (SELECT datname FROM pg_catalog.pg_database WHERE oid = 5))  AS ""Activa"",
	   (SELECT count(*) FROM pg_catalog.pg_stat_activity WHERE state = 'idle' AND datname = (SELECT datname FROM pg_catalog.pg_database WHERE oid = 5))  AS ""Inactiva""
	) t
	UNION ALL
	SELECT 'tps_stats' AS chart_name, pg_catalog.row_to_json(t) AS chart_data
	FROM (SELECT
	   (SELECT sum(xact_commit) + sum(xact_rollback) FROM pg_catalog.pg_stat_database WHERE datname = (SELECT datname FROM pg_catalog.pg_database WHERE oid = 5)) AS ""Transacciones"",
	   (SELECT sum(xact_commit) FROM pg_catalog.pg_stat_database WHERE datname = (SELECT datname FROM pg_catalog.pg_database WHERE oid = 5)) AS ""Cometer"",
	   (SELECT sum(xact_rollback) FROM pg_catalog.pg_stat_database WHERE datname = (SELECT datname FROM pg_catalog.pg_database WHERE oid = 5)) AS ""Retroceder""
	) t
	UNION ALL
	SELECT 'ti_stats' AS chart_name, pg_catalog.row_to_json(t) AS chart_data
	FROM (SELECT
	   (SELECT sum(tup_inserted) FROM pg_catalog.pg_stat_database WHERE datname = (SELECT datname FROM pg_catalog.pg_database WHERE oid = 5)) AS ""Insersiones"",
	   (SELECT sum(tup_updated) FROM pg_catalog.pg_stat_database WHERE datname = (SELECT datname FROM pg_catalog.pg_database WHERE oid = 5)) AS ""Actualizaciones"",
	   (SELECT sum(tup_deleted) FROM pg_catalog.pg_stat_database WHERE datname = (SELECT datname FROM pg_catalog.pg_database WHERE oid = 5)) AS ""Borrados""
	) t
	UNION ALL
	SELECT 'to_stats' AS chart_name, pg_catalog.row_to_json(t) AS chart_data
	FROM (SELECT
	   (SELECT sum(tup_fetched) FROM pg_catalog.pg_stat_database WHERE datname = (SELECT datname FROM pg_catalog.pg_database WHERE oid = 5)) AS ""Recuperado"",
	   (SELECT sum(tup_returned) FROM pg_catalog.pg_stat_database WHERE datname = (SELECT datname FROM pg_catalog.pg_database WHERE oid = 5)) AS ""Retornado""
	) t
	UNION ALL
	SELECT 'bio_stats' AS chart_name, pg_catalog.row_to_json(t) AS chart_data
	FROM (SELECT
	   (SELECT sum(blks_read) FROM pg_catalog.pg_stat_database WHERE datname = (SELECT datname FROM pg_catalog.pg_database WHERE oid = 5)) AS ""Leidas"",
	   (SELECT sum(blks_hit) FROM pg_catalog.pg_stat_database WHERE datname = (SELECT datname FROM pg_catalog.pg_database WHERE oid = 5)) AS ""Tocadas""
	) t",<not logged>
2024-11-17 23:15:23.159 GMT [34] LOG:  duration: 667.889 ms
2024-11-17 23:15:23.163 GMT [34] LOG:  statement: 
	            SELECT COUNT(*) FROM pg_extension WHERE extname IN (
	                'edb_job_scheduler', 'dbms_scheduler') 
2024-11-17 23:15:23.163 GMT [34] LOG:  AUDIT: SESSION,19,1,READ,SELECT,,,"SELECT COUNT(*) FROM pg_extension WHERE extname IN (
	                'edb_job_scheduler', 'dbms_scheduler')",<not logged>
2024-11-17 23:15:23.164 GMT [34] LOG:  duration: 0.742 ms
2024-11-17 23:15:27.487 GMT [34] LOG:  statement: /*pga4dash*/
	SELECT 'session_stats' AS chart_name, pg_catalog.row_to_json(t) AS chart_data
	FROM (SELECT
	   (SELECT count(*) FROM pg_catalog.pg_stat_activity WHERE datname = (SELECT datname FROM pg_catalog.pg_database WHERE oid = 5)) AS "Totales",
	   (SELECT count(*) FROM pg_catalog.pg_stat_activity WHERE state = 'active' AND datname = (SELECT datname FROM pg_catalog.pg_database WHERE oid = 5))  AS "Activa",
	   (SELECT count(*) FROM pg_catalog.pg_stat_activity WHERE state = 'idle' AND datname = (SELECT datname FROM pg_catalog.pg_database WHERE oid = 5))  AS "Inactiva"
	) t
	UNION ALL
	SELECT 'tps_stats' AS chart_name, pg_catalog.row_to_json(t) AS chart_data
	FROM (SELECT
	   (SELECT sum(xact_commit) + sum(xact_rollback) FROM pg_catalog.pg_stat_database WHERE datname = (SELECT datname FROM pg_catalog.pg_database WHERE oid = 5)) AS "Transacciones",
	   (SELECT sum(xact_commit) FROM pg_catalog.pg_stat_database WHERE datname = (SELECT datname FROM pg_catalog.pg_database WHERE oid = 5)) AS "Cometer",
	   (SELECT sum(xact_rollback) FROM pg_catalog.pg_stat_database WHERE datname = (SELECT datname FROM pg_catalog.pg_database WHERE oid = 5)) AS "Retroceder"
	) t
	UNION ALL
	SELECT 'ti_stats' AS chart_name, pg_catalog.row_to_json(t) AS chart_data
	FROM (SELECT
	   (SELECT sum(tup_inserted) FROM pg_catalog.pg_stat_database WHERE datname = (SELECT datname FROM pg_catalog.pg_database WHERE oid = 5)) AS "Insersiones",
	   (SELECT sum(tup_updated) FROM pg_catalog.pg_stat_database WHERE datname = (SELECT datname FROM pg_catalog.pg_database WHERE oid = 5)) AS "Actualizaciones",
	   (SELECT sum(tup_deleted) FROM pg_catalog.pg_stat_database WHERE datname = (SELECT datname FROM pg_catalog.pg_database WHERE oid = 5)) AS "Borrados"
	) t
	UNION ALL
	SELECT 'to_stats' AS chart_name, pg_catalog.row_to_json(t) AS chart_data
	FROM (SELECT
	   (SELECT sum(tup_fetched) FROM pg_catalog.pg_stat_database WHERE datname = (SELECT datname FROM pg_catalog.pg_database WHERE oid = 5)) AS "Recuperado",
	   (SELECT sum(tup_returned) FROM pg_catalog.pg_stat_database WHERE datname = (SELECT datname FROM pg_catalog.pg_database WHERE oid = 5)) AS "Retornado"
	) t
	UNION ALL
	SELECT 'bio_stats' AS chart_name, pg_catalog.row_to_json(t) AS chart_data
	FROM (SELECT
	   (SELECT sum(blks_read) FROM pg_catalog.pg_stat_database WHERE datname = (SELECT datname FROM pg_catalog.pg_database WHERE oid = 5)) AS "Leidas",
	   (SELECT sum(blks_hit) FROM pg_catalog.pg_stat_database WHERE datname = (SELECT datname FROM pg_catalog.pg_database WHERE oid = 5)) AS "Tocadas"
	) t
	
2024-11-17 23:15:27.491 GMT [34] LOG:  AUDIT: SESSION,20,1,READ,SELECT,,,"/*pga4dash*/
	SELECT 'session_stats' AS chart_name, pg_catalog.row_to_json(t) AS chart_data
	FROM (SELECT
	   (SELECT count(*) FROM pg_catalog.pg_stat_activity WHERE datname = (SELECT datname FROM pg_catalog.pg_database WHERE oid = 5)) AS ""Totales"",
	   (SELECT count(*) FROM pg_catalog.pg_stat_activity WHERE state = 'active' AND datname = (SELECT datname FROM pg_catalog.pg_database WHERE oid = 5))  AS ""Activa"",
	   (SELECT count(*) FROM pg_catalog.pg_stat_activity WHERE state = 'idle' AND datname = (SELECT datname FROM pg_catalog.pg_database WHERE oid = 5))  AS ""Inactiva""
	) t
	UNION ALL
	SELECT 'tps_stats' AS chart_name, pg_catalog.row_to_json(t) AS chart_data
	FROM (SELECT
	   (SELECT sum(xact_commit) + sum(xact_rollback) FROM pg_catalog.pg_stat_database WHERE datname = (SELECT datname FROM pg_catalog.pg_database WHERE oid = 5)) AS ""Transacciones"",
	   (SELECT sum(xact_commit) FROM pg_catalog.pg_stat_database WHERE datname = (SELECT datname FROM pg_catalog.pg_database WHERE oid = 5)) AS ""Cometer"",
	   (SELECT sum(xact_rollback) FROM pg_catalog.pg_stat_database WHERE datname = (SELECT datname FROM pg_catalog.pg_database WHERE oid = 5)) AS ""Retroceder""
	) t
	UNION ALL
	SELECT 'ti_stats' AS chart_name, pg_catalog.row_to_json(t) AS chart_data
	FROM (SELECT
	   (SELECT sum(tup_inserted) FROM pg_catalog.pg_stat_database WHERE datname = (SELECT datname FROM pg_catalog.pg_database WHERE oid = 5)) AS ""Insersiones"",
	   (SELECT sum(tup_updated) FROM pg_catalog.pg_stat_database WHERE datname = (SELECT datname FROM pg_catalog.pg_database WHERE oid = 5)) AS ""Actualizaciones"",
	   (SELECT sum(tup_deleted) FROM pg_catalog.pg_stat_database WHERE datname = (SELECT datname FROM pg_catalog.pg_database WHERE oid = 5)) AS ""Borrados""
	) t
	UNION ALL
	SELECT 'to_stats' AS chart_name, pg_catalog.row_to_json(t) AS chart_data
	FROM (SELECT
	   (SELECT sum(tup_fetched) FROM pg_catalog.pg_stat_database WHERE datname = (SELECT datname FROM pg_catalog.pg_database WHERE oid = 5)) AS ""Recuperado"",
	   (SELECT sum(tup_returned) FROM pg_catalog.pg_stat_database WHERE datname = (SELECT datname FROM pg_catalog.pg_database WHERE oid = 5)) AS ""Retornado""
	) t
	UNION ALL
	SELECT 'bio_stats' AS chart_name, pg_catalog.row_to_json(t) AS chart_data
	FROM (SELECT
	   (SELECT sum(blks_read) FROM pg_catalog.pg_stat_database WHERE datname = (SELECT datname FROM pg_catalog.pg_database WHERE oid = 5)) AS ""Leidas"",
	   (SELECT sum(blks_hit) FROM pg_catalog.pg_stat_database WHERE datname = (SELECT datname FROM pg_catalog.pg_database WHERE oid = 5)) AS ""Tocadas""
	) t",<not logged>
2024-11-17 23:15:27.491 GMT [34] LOG:  duration: 4.351 ms
2024-11-17 23:15:28.698 GMT [34] LOG:  statement: SELECT
	    nsp.oid,
	    nsp.nspname as name,
	    pg_catalog.has_schema_privilege(nsp.oid, 'CREATE') as can_create,
	    pg_catalog.has_schema_privilege(nsp.oid, 'USAGE') as has_usage,
	    des.description
	FROM
	    pg_catalog.pg_namespace nsp
	    LEFT OUTER JOIN pg_catalog.pg_description des ON
	        (des.objoid=nsp.oid AND des.classoid='pg_namespace'::regclass)
	WHERE
	             nspname NOT LIKE E'pg\\_%' AND
	            NOT (
	(nsp.nspname = 'pg_catalog' AND EXISTS
	        (SELECT 1 FROM pg_catalog.pg_class WHERE relname = 'pg_class' AND
	            relnamespace = nsp.oid LIMIT 1)) OR
	    (nsp.nspname = 'pgagent' AND EXISTS
	        (SELECT 1 FROM pg_catalog.pg_class WHERE relname = 'pga_job' AND
	            relnamespace = nsp.oid LIMIT 1)) OR
	    (nsp.nspname = 'information_schema' AND EXISTS
	        (SELECT 1 FROM pg_catalog.pg_class WHERE relname = 'tables' AND
	            relnamespace = nsp.oid LIMIT 1))
	    )
	
	    
	ORDER BY nspname;
2024-11-17 23:15:28.703 GMT [34] LOG:  AUDIT: SESSION,21,1,READ,SELECT,,,"SELECT
	    nsp.oid,
	    nsp.nspname as name,
	    pg_catalog.has_schema_privilege(nsp.oid, 'CREATE') as can_create,
	    pg_catalog.has_schema_privilege(nsp.oid, 'USAGE') as has_usage,
	    des.description
	FROM
	    pg_catalog.pg_namespace nsp
	    LEFT OUTER JOIN pg_catalog.pg_description des ON
	        (des.objoid=nsp.oid AND des.classoid='pg_namespace'::regclass)
	WHERE
	             nspname NOT LIKE E'pg\\_%' AND
	            NOT (
	(nsp.nspname = 'pg_catalog' AND EXISTS
	        (SELECT 1 FROM pg_catalog.pg_class WHERE relname = 'pg_class' AND
	            relnamespace = nsp.oid LIMIT 1)) OR
	    (nsp.nspname = 'pgagent' AND EXISTS
	        (SELECT 1 FROM pg_catalog.pg_class WHERE relname = 'pga_job' AND
	            relnamespace = nsp.oid LIMIT 1)) OR
	    (nsp.nspname = 'information_schema' AND EXISTS
	        (SELECT 1 FROM pg_catalog.pg_class WHERE relname = 'tables' AND
	            relnamespace = nsp.oid LIMIT 1))
	    )
	
	    
	ORDER BY nspname",<not logged>
2024-11-17 23:15:28.957 GMT [34] LOG:  duration: 258.594 ms
2024-11-17 23:15:29.262 GMT [34] LOG:  statement: SELECT
	    nsp.nspname as schema_name,
	    (nsp.nspname = 'pg_catalog' AND EXISTS
	        (SELECT 1 FROM pg_catalog.pg_class WHERE relname = 'pg_class' AND
	            relnamespace = nsp.oid LIMIT 1)) OR
	    (nsp.nspname = 'pgagent' AND EXISTS
	        (SELECT 1 FROM pg_catalog.pg_class WHERE relname = 'pga_job' AND
	            relnamespace = nsp.oid LIMIT 1)) OR
	    (nsp.nspname = 'information_schema' AND EXISTS
	        (SELECT 1 FROM pg_catalog.pg_class WHERE relname = 'tables' AND
	            relnamespace = nsp.oid LIMIT 1)) AS is_catalog,
	    CASE
	    WHEN nsp.nspname = ANY('{information_schema}')
	        THEN false
	    ELSE true END AS db_support
	FROM
	    pg_catalog.pg_namespace nsp
	WHERE
	    nsp.oid = 2200::OID;
2024-11-17 23:15:29.262 GMT [34] LOG:  AUDIT: SESSION,22,1,READ,SELECT,,,"SELECT
	    nsp.nspname as schema_name,
	    (nsp.nspname = 'pg_catalog' AND EXISTS
	        (SELECT 1 FROM pg_catalog.pg_class WHERE relname = 'pg_class' AND
	            relnamespace = nsp.oid LIMIT 1)) OR
	    (nsp.nspname = 'pgagent' AND EXISTS
	        (SELECT 1 FROM pg_catalog.pg_class WHERE relname = 'pga_job' AND
	            relnamespace = nsp.oid LIMIT 1)) OR
	    (nsp.nspname = 'information_schema' AND EXISTS
	        (SELECT 1 FROM pg_catalog.pg_class WHERE relname = 'tables' AND
	            relnamespace = nsp.oid LIMIT 1)) AS is_catalog,
	    CASE
	    WHEN nsp.nspname = ANY('{information_schema}')
	        THEN false
	    ELSE true END AS db_support
	FROM
	    pg_catalog.pg_namespace nsp
	WHERE
	    nsp.oid = 2200::OID",<not logged>
2024-11-17 23:15:29.262 GMT [34] LOG:  duration: 0.494 ms
2024-11-17 23:15:32.587 GMT [34] LOG:  statement: /*pga4dash*/
	SELECT 'session_stats' AS chart_name, pg_catalog.row_to_json(t) AS chart_data
	FROM (SELECT
	   (SELECT count(*) FROM pg_catalog.pg_stat_activity WHERE datname = (SELECT datname FROM pg_catalog.pg_database WHERE oid = 5)) AS "Totales",
	   (SELECT count(*) FROM pg_catalog.pg_stat_activity WHERE state = 'active' AND datname = (SELECT datname FROM pg_catalog.pg_database WHERE oid = 5))  AS "Activa",
	   (SELECT count(*) FROM pg_catalog.pg_stat_activity WHERE state = 'idle' AND datname = (SELECT datname FROM pg_catalog.pg_database WHERE oid = 5))  AS "Inactiva"
	) t
	UNION ALL
	SELECT 'tps_stats' AS chart_name, pg_catalog.row_to_json(t) AS chart_data
	FROM (SELECT
	   (SELECT sum(xact_commit) + sum(xact_rollback) FROM pg_catalog.pg_stat_database WHERE datname = (SELECT datname FROM pg_catalog.pg_database WHERE oid = 5)) AS "Transacciones",
	   (SELECT sum(xact_commit) FROM pg_catalog.pg_stat_database WHERE datname = (SELECT datname FROM pg_catalog.pg_database WHERE oid = 5)) AS "Cometer",
	   (SELECT sum(xact_rollback) FROM pg_catalog.pg_stat_database WHERE datname = (SELECT datname FROM pg_catalog.pg_database WHERE oid = 5)) AS "Retroceder"
	) t
	UNION ALL
	SELECT 'ti_stats' AS chart_name, pg_catalog.row_to_json(t) AS chart_data
	FROM (SELECT
	   (SELECT sum(tup_inserted) FROM pg_catalog.pg_stat_database WHERE datname = (SELECT datname FROM pg_catalog.pg_database WHERE oid = 5)) AS "Insersiones",
	   (SELECT sum(tup_updated) FROM pg_catalog.pg_stat_database WHERE datname = (SELECT datname FROM pg_catalog.pg_database WHERE oid = 5)) AS "Actualizaciones",
	   (SELECT sum(tup_deleted) FROM pg_catalog.pg_stat_database WHERE datname = (SELECT datname FROM pg_catalog.pg_database WHERE oid = 5)) AS "Borrados"
	) t
	UNION ALL
	SELECT 'to_stats' AS chart_name, pg_catalog.row_to_json(t) AS chart_data
	FROM (SELECT
	   (SELECT sum(tup_fetched) FROM pg_catalog.pg_stat_database WHERE datname = (SELECT datname FROM pg_catalog.pg_database WHERE oid = 5)) AS "Recuperado",
	   (SELECT sum(tup_returned) FROM pg_catalog.pg_stat_database WHERE datname = (SELECT datname FROM pg_catalog.pg_database WHERE oid = 5)) AS "Retornado"
	) t
	UNION ALL
	SELECT 'bio_stats' AS chart_name, pg_catalog.row_to_json(t) AS chart_data
	FROM (SELECT
	   (SELECT sum(blks_read) FROM pg_catalog.pg_stat_database WHERE datname = (SELECT datname FROM pg_catalog.pg_database WHERE oid = 5)) AS "Leidas",
	   (SELECT sum(blks_hit) FROM pg_catalog.pg_stat_database WHERE datname = (SELECT datname FROM pg_catalog.pg_database WHERE oid = 5)) AS "Tocadas"
	) t
	
2024-11-17 23:15:33.055 GMT [34] LOG:  AUDIT: SESSION,23,1,READ,SELECT,,,"/*pga4dash*/
	SELECT 'session_stats' AS chart_name, pg_catalog.row_to_json(t) AS chart_data
	FROM (SELECT
	   (SELECT count(*) FROM pg_catalog.pg_stat_activity WHERE datname = (SELECT datname FROM pg_catalog.pg_database WHERE oid = 5)) AS ""Totales"",
	   (SELECT count(*) FROM pg_catalog.pg_stat_activity WHERE state = 'active' AND datname = (SELECT datname FROM pg_catalog.pg_database WHERE oid = 5))  AS ""Activa"",
	   (SELECT count(*) FROM pg_catalog.pg_stat_activity WHERE state = 'idle' AND datname = (SELECT datname FROM pg_catalog.pg_database WHERE oid = 5))  AS ""Inactiva""
	) t
	UNION ALL
	SELECT 'tps_stats' AS chart_name, pg_catalog.row_to_json(t) AS chart_data
	FROM (SELECT
	   (SELECT sum(xact_commit) + sum(xact_rollback) FROM pg_catalog.pg_stat_database WHERE datname = (SELECT datname FROM pg_catalog.pg_database WHERE oid = 5)) AS ""Transacciones"",
	   (SELECT sum(xact_commit) FROM pg_catalog.pg_stat_database WHERE datname = (SELECT datname FROM pg_catalog.pg_database WHERE oid = 5)) AS ""Cometer"",
	   (SELECT sum(xact_rollback) FROM pg_catalog.pg_stat_database WHERE datname = (SELECT datname FROM pg_catalog.pg_database WHERE oid = 5)) AS ""Retroceder""
	) t
	UNION ALL
	SELECT 'ti_stats' AS chart_name, pg_catalog.row_to_json(t) AS chart_data
	FROM (SELECT
	   (SELECT sum(tup_inserted) FROM pg_catalog.pg_stat_database WHERE datname = (SELECT datname FROM pg_catalog.pg_database WHERE oid = 5)) AS ""Insersiones"",
	   (SELECT sum(tup_updated) FROM pg_catalog.pg_stat_database WHERE datname = (SELECT datname FROM pg_catalog.pg_database WHERE oid = 5)) AS ""Actualizaciones"",
	   (SELECT sum(tup_deleted) FROM pg_catalog.pg_stat_database WHERE datname = (SELECT datname FROM pg_catalog.pg_database WHERE oid = 5)) AS ""Borrados""
	) t
	UNION ALL
	SELECT 'to_stats' AS chart_name, pg_catalog.row_to_json(t) AS chart_data
	FROM (SELECT
	   (SELECT sum(tup_fetched) FROM pg_catalog.pg_stat_database WHERE datname = (SELECT datname FROM pg_catalog.pg_database WHERE oid = 5)) AS ""Recuperado"",
	   (SELECT sum(tup_returned) FROM pg_catalog.pg_stat_database WHERE datname = (SELECT datname FROM pg_catalog.pg_database WHERE oid = 5)) AS ""Retornado""
	) t
	UNION ALL
	SELECT 'bio_stats' AS chart_name, pg_catalog.row_to_json(t) AS chart_data
	FROM (SELECT
	   (SELECT sum(blks_read) FROM pg_catalog.pg_stat_database WHERE datname = (SELECT datname FROM pg_catalog.pg_database WHERE oid = 5)) AS ""Leidas"",
	   (SELECT sum(blks_hit) FROM pg_catalog.pg_stat_database WHERE datname = (SELECT datname FROM pg_catalog.pg_database WHERE oid = 5)) AS ""Tocadas""
	) t",<not logged>
2024-11-17 23:15:33.057 GMT [34] LOG:  duration: 470.523 ms
2024-11-17 23:15:33.791 GMT [34] LOG:  statement: SELECT rel.oid, rel.relname AS name,
	    (SELECT count(*) FROM pg_catalog.pg_trigger WHERE tgrelid=rel.oid AND tgisinternal = FALSE) AS triggercount,
	    (SELECT count(*) FROM pg_catalog.pg_trigger WHERE tgrelid=rel.oid AND tgisinternal = FALSE AND tgenabled = 'O') AS has_enable_triggers,
	    (CASE WHEN rel.relkind = 'p' THEN true ELSE false END) AS is_partitioned,
	    (SELECT count(1) FROM pg_catalog.pg_inherits WHERE inhrelid=rel.oid LIMIT 1) as is_inherits,
	    (SELECT count(1) FROM pg_catalog.pg_inherits WHERE inhparent=rel.oid LIMIT 1) as is_inherited,
	    des.description
	FROM pg_catalog.pg_class rel
	    LEFT OUTER JOIN pg_catalog.pg_description des ON (des.objoid=rel.oid AND des.objsubid=0 AND des.classoid='pg_class'::regclass)
	    WHERE rel.relkind IN ('r','s','t','p') AND rel.relnamespace = 2200::oid
	    AND NOT rel.relispartition
	        ORDER BY rel.relname;
2024-11-17 23:15:33.796 GMT [34] LOG:  AUDIT: SESSION,24,1,READ,SELECT,,,"SELECT rel.oid, rel.relname AS name,
	    (SELECT count(*) FROM pg_catalog.pg_trigger WHERE tgrelid=rel.oid AND tgisinternal = FALSE) AS triggercount,
	    (SELECT count(*) FROM pg_catalog.pg_trigger WHERE tgrelid=rel.oid AND tgisinternal = FALSE AND tgenabled = 'O') AS has_enable_triggers,
	    (CASE WHEN rel.relkind = 'p' THEN true ELSE false END) AS is_partitioned,
	    (SELECT count(1) FROM pg_catalog.pg_inherits WHERE inhrelid=rel.oid LIMIT 1) as is_inherits,
	    (SELECT count(1) FROM pg_catalog.pg_inherits WHERE inhparent=rel.oid LIMIT 1) as is_inherited,
	    des.description
	FROM pg_catalog.pg_class rel
	    LEFT OUTER JOIN pg_catalog.pg_description des ON (des.objoid=rel.oid AND des.objsubid=0 AND des.classoid='pg_class'::regclass)
	    WHERE rel.relkind IN ('r','s','t','p') AND rel.relnamespace = 2200::oid
	    AND NOT rel.relispartition
	        ORDER BY rel.relname",<not logged>
2024-11-17 23:15:33.798 GMT [34] LOG:  duration: 7.303 ms
2024-11-17 23:15:37.591 GMT [34] LOG:  statement: /*pga4dash*/
	SELECT 'session_stats' AS chart_name, pg_catalog.row_to_json(t) AS chart_data
	FROM (SELECT
	   (SELECT count(*) FROM pg_catalog.pg_stat_activity WHERE datname = (SELECT datname FROM pg_catalog.pg_database WHERE oid = 5)) AS "Totales",
	   (SELECT count(*) FROM pg_catalog.pg_stat_activity WHERE state = 'active' AND datname = (SELECT datname FROM pg_catalog.pg_database WHERE oid = 5))  AS "Activa",
	   (SELECT count(*) FROM pg_catalog.pg_stat_activity WHERE state = 'idle' AND datname = (SELECT datname FROM pg_catalog.pg_database WHERE oid = 5))  AS "Inactiva"
	) t
	UNION ALL
	SELECT 'tps_stats' AS chart_name, pg_catalog.row_to_json(t) AS chart_data
	FROM (SELECT
	   (SELECT sum(xact_commit) + sum(xact_rollback) FROM pg_catalog.pg_stat_database WHERE datname = (SELECT datname FROM pg_catalog.pg_database WHERE oid = 5)) AS "Transacciones",
	   (SELECT sum(xact_commit) FROM pg_catalog.pg_stat_database WHERE datname = (SELECT datname FROM pg_catalog.pg_database WHERE oid = 5)) AS "Cometer",
	   (SELECT sum(xact_rollback) FROM pg_catalog.pg_stat_database WHERE datname = (SELECT datname FROM pg_catalog.pg_database WHERE oid = 5)) AS "Retroceder"
	) t
	UNION ALL
	SELECT 'ti_stats' AS chart_name, pg_catalog.row_to_json(t) AS chart_data
	FROM (SELECT
	   (SELECT sum(tup_inserted) FROM pg_catalog.pg_stat_database WHERE datname = (SELECT datname FROM pg_catalog.pg_database WHERE oid = 5)) AS "Insersiones",
	   (SELECT sum(tup_updated) FROM pg_catalog.pg_stat_database WHERE datname = (SELECT datname FROM pg_catalog.pg_database WHERE oid = 5)) AS "Actualizaciones",
	   (SELECT sum(tup_deleted) FROM pg_catalog.pg_stat_database WHERE datname = (SELECT datname FROM pg_catalog.pg_database WHERE oid = 5)) AS "Borrados"
	) t
	UNION ALL
	SELECT 'to_stats' AS chart_name, pg_catalog.row_to_json(t) AS chart_data
	FROM (SELECT
	   (SELECT sum(tup_fetched) FROM pg_catalog.pg_stat_database WHERE datname = (SELECT datname FROM pg_catalog.pg_database WHERE oid = 5)) AS "Recuperado",
	   (SELECT sum(tup_returned) FROM pg_catalog.pg_stat_database WHERE datname = (SELECT datname FROM pg_catalog.pg_database WHERE oid = 5)) AS "Retornado"
	) t
	UNION ALL
	SELECT 'bio_stats' AS chart_name, pg_catalog.row_to_json(t) AS chart_data
	FROM (SELECT
	   (SELECT sum(blks_read) FROM pg_catalog.pg_stat_database WHERE datname = (SELECT datname FROM pg_catalog.pg_database WHERE oid = 5)) AS "Leidas",
	   (SELECT sum(blks_hit) FROM pg_catalog.pg_stat_database WHERE datname = (SELECT datname FROM pg_catalog.pg_database WHERE oid = 5)) AS "Tocadas"
	) t
	
2024-11-17 23:15:37.596 GMT [34] LOG:  AUDIT: SESSION,25,1,READ,SELECT,,,"/*pga4dash*/
	SELECT 'session_stats' AS chart_name, pg_catalog.row_to_json(t) AS chart_data
	FROM (SELECT
	   (SELECT count(*) FROM pg_catalog.pg_stat_activity WHERE datname = (SELECT datname FROM pg_catalog.pg_database WHERE oid = 5)) AS ""Totales"",
	   (SELECT count(*) FROM pg_catalog.pg_stat_activity WHERE state = 'active' AND datname = (SELECT datname FROM pg_catalog.pg_database WHERE oid = 5))  AS ""Activa"",
	   (SELECT count(*) FROM pg_catalog.pg_stat_activity WHERE state = 'idle' AND datname = (SELECT datname FROM pg_catalog.pg_database WHERE oid = 5))  AS ""Inactiva""
	) t
	UNION ALL
	SELECT 'tps_stats' AS chart_name, pg_catalog.row_to_json(t) AS chart_data
	FROM (SELECT
	   (SELECT sum(xact_commit) + sum(xact_rollback) FROM pg_catalog.pg_stat_database WHERE datname = (SELECT datname FROM pg_catalog.pg_database WHERE oid = 5)) AS ""Transacciones"",
	   (SELECT sum(xact_commit) FROM pg_catalog.pg_stat_database WHERE datname = (SELECT datname FROM pg_catalog.pg_database WHERE oid = 5)) AS ""Cometer"",
	   (SELECT sum(xact_rollback) FROM pg_catalog.pg_stat_database WHERE datname = (SELECT datname FROM pg_catalog.pg_database WHERE oid = 5)) AS ""Retroceder""
	) t
	UNION ALL
	SELECT 'ti_stats' AS chart_name, pg_catalog.row_to_json(t) AS chart_data
	FROM (SELECT
	   (SELECT sum(tup_inserted) FROM pg_catalog.pg_stat_database WHERE datname = (SELECT datname FROM pg_catalog.pg_database WHERE oid = 5)) AS ""Insersiones"",
	   (SELECT sum(tup_updated) FROM pg_catalog.pg_stat_database WHERE datname = (SELECT datname FROM pg_catalog.pg_database WHERE oid = 5)) AS ""Actualizaciones"",
	   (SELECT sum(tup_deleted) FROM pg_catalog.pg_stat_database WHERE datname = (SELECT datname FROM pg_catalog.pg_database WHERE oid = 5)) AS ""Borrados""
	) t
	UNION ALL
	SELECT 'to_stats' AS chart_name, pg_catalog.row_to_json(t) AS chart_data
	FROM (SELECT
	   (SELECT sum(tup_fetched) FROM pg_catalog.pg_stat_database WHERE datname = (SELECT datname FROM pg_catalog.pg_database WHERE oid = 5)) AS ""Recuperado"",
	   (SELECT sum(tup_returned) FROM pg_catalog.pg_stat_database WHERE datname = (SELECT datname FROM pg_catalog.pg_database WHERE oid = 5)) AS ""Retornado""
	) t
	UNION ALL
	SELECT 'bio_stats' AS chart_name, pg_catalog.row_to_json(t) AS chart_data
	FROM (SELECT
	   (SELECT sum(blks_read) FROM pg_catalog.pg_stat_database WHERE datname = (SELECT datname FROM pg_catalog.pg_database WHERE oid = 5)) AS ""Leidas"",
	   (SELECT sum(blks_hit) FROM pg_catalog.pg_stat_database WHERE datname = (SELECT datname FROM pg_catalog.pg_database WHERE oid = 5)) AS ""Tocadas""
	) t",<not logged>
2024-11-17 23:15:37.597 GMT [34] LOG:  duration: 5.846 ms
2024-11-17 23:15:42.561 GMT [34] LOG:  statement: /*pga4dash*/
	SELECT 'session_stats' AS chart_name, pg_catalog.row_to_json(t) AS chart_data
	FROM (SELECT
	   (SELECT count(*) FROM pg_catalog.pg_stat_activity WHERE datname = (SELECT datname FROM pg_catalog.pg_database WHERE oid = 5)) AS "Totales",
	   (SELECT count(*) FROM pg_catalog.pg_stat_activity WHERE state = 'active' AND datname = (SELECT datname FROM pg_catalog.pg_database WHERE oid = 5))  AS "Activa",
	   (SELECT count(*) FROM pg_catalog.pg_stat_activity WHERE state = 'idle' AND datname = (SELECT datname FROM pg_catalog.pg_database WHERE oid = 5))  AS "Inactiva"
	) t
	UNION ALL
	SELECT 'tps_stats' AS chart_name, pg_catalog.row_to_json(t) AS chart_data
	FROM (SELECT
	   (SELECT sum(xact_commit) + sum(xact_rollback) FROM pg_catalog.pg_stat_database WHERE datname = (SELECT datname FROM pg_catalog.pg_database WHERE oid = 5)) AS "Transacciones",
	   (SELECT sum(xact_commit) FROM pg_catalog.pg_stat_database WHERE datname = (SELECT datname FROM pg_catalog.pg_database WHERE oid = 5)) AS "Cometer",
	   (SELECT sum(xact_rollback) FROM pg_catalog.pg_stat_database WHERE datname = (SELECT datname FROM pg_catalog.pg_database WHERE oid = 5)) AS "Retroceder"
	) t
	UNION ALL
	SELECT 'ti_stats' AS chart_name, pg_catalog.row_to_json(t) AS chart_data
	FROM (SELECT
	   (SELECT sum(tup_inserted) FROM pg_catalog.pg_stat_database WHERE datname = (SELECT datname FROM pg_catalog.pg_database WHERE oid = 5)) AS "Insersiones",
	   (SELECT sum(tup_updated) FROM pg_catalog.pg_stat_database WHERE datname = (SELECT datname FROM pg_catalog.pg_database WHERE oid = 5)) AS "Actualizaciones",
	   (SELECT sum(tup_deleted) FROM pg_catalog.pg_stat_database WHERE datname = (SELECT datname FROM pg_catalog.pg_database WHERE oid = 5)) AS "Borrados"
	) t
	UNION ALL
	SELECT 'to_stats' AS chart_name, pg_catalog.row_to_json(t) AS chart_data
	FROM (SELECT
	   (SELECT sum(tup_fetched) FROM pg_catalog.pg_stat_database WHERE datname = (SELECT datname FROM pg_catalog.pg_database WHERE oid = 5)) AS "Recuperado",
	   (SELECT sum(tup_returned) FROM pg_catalog.pg_stat_database WHERE datname = (SELECT datname FROM pg_catalog.pg_database WHERE oid = 5)) AS "Retornado"
	) t
	UNION ALL
	SELECT 'bio_stats' AS chart_name, pg_catalog.row_to_json(t) AS chart_data
	FROM (SELECT
	   (SELECT sum(blks_read) FROM pg_catalog.pg_stat_database WHERE datname = (SELECT datname FROM pg_catalog.pg_database WHERE oid = 5)) AS "Leidas",
	   (SELECT sum(blks_hit) FROM pg_catalog.pg_stat_database WHERE datname = (SELECT datname FROM pg_catalog.pg_database WHERE oid = 5)) AS "Tocadas"
	) t
	
2024-11-17 23:15:42.564 GMT [34] LOG:  AUDIT: SESSION,26,1,READ,SELECT,,,"/*pga4dash*/
	SELECT 'session_stats' AS chart_name, pg_catalog.row_to_json(t) AS chart_data
	FROM (SELECT
	   (SELECT count(*) FROM pg_catalog.pg_stat_activity WHERE datname = (SELECT datname FROM pg_catalog.pg_database WHERE oid = 5)) AS ""Totales"",
	   (SELECT count(*) FROM pg_catalog.pg_stat_activity WHERE state = 'active' AND datname = (SELECT datname FROM pg_catalog.pg_database WHERE oid = 5))  AS ""Activa"",
	   (SELECT count(*) FROM pg_catalog.pg_stat_activity WHERE state = 'idle' AND datname = (SELECT datname FROM pg_catalog.pg_database WHERE oid = 5))  AS ""Inactiva""
	) t
	UNION ALL
	SELECT 'tps_stats' AS chart_name, pg_catalog.row_to_json(t) AS chart_data
	FROM (SELECT
	   (SELECT sum(xact_commit) + sum(xact_rollback) FROM pg_catalog.pg_stat_database WHERE datname = (SELECT datname FROM pg_catalog.pg_database WHERE oid = 5)) AS ""Transacciones"",
	   (SELECT sum(xact_commit) FROM pg_catalog.pg_stat_database WHERE datname = (SELECT datname FROM pg_catalog.pg_database WHERE oid = 5)) AS ""Cometer"",
	   (SELECT sum(xact_rollback) FROM pg_catalog.pg_stat_database WHERE datname = (SELECT datname FROM pg_catalog.pg_database WHERE oid = 5)) AS ""Retroceder""
	) t
	UNION ALL
	SELECT 'ti_stats' AS chart_name, pg_catalog.row_to_json(t) AS chart_data
	FROM (SELECT
	   (SELECT sum(tup_inserted) FROM pg_catalog.pg_stat_database WHERE datname = (SELECT datname FROM pg_catalog.pg_database WHERE oid = 5)) AS ""Insersiones"",
	   (SELECT sum(tup_updated) FROM pg_catalog.pg_stat_database WHERE datname = (SELECT datname FROM pg_catalog.pg_database WHERE oid = 5)) AS ""Actualizaciones"",
	   (SELECT sum(tup_deleted) FROM pg_catalog.pg_stat_database WHERE datname = (SELECT datname FROM pg_catalog.pg_database WHERE oid = 5)) AS ""Borrados""
	) t
	UNION ALL
	SELECT 'to_stats' AS chart_name, pg_catalog.row_to_json(t) AS chart_data
	FROM (SELECT
	   (SELECT sum(tup_fetched) FROM pg_catalog.pg_stat_database WHERE datname = (SELECT datname FROM pg_catalog.pg_database WHERE oid = 5)) AS ""Recuperado"",
	   (SELECT sum(tup_returned) FROM pg_catalog.pg_stat_database WHERE datname = (SELECT datname FROM pg_catalog.pg_database WHERE oid = 5)) AS ""Retornado""
	) t
	UNION ALL
	SELECT 'bio_stats' AS chart_name, pg_catalog.row_to_json(t) AS chart_data
	FROM (SELECT
	   (SELECT sum(blks_read) FROM pg_catalog.pg_stat_database WHERE datname = (SELECT datname FROM pg_catalog.pg_database WHERE oid = 5)) AS ""Leidas"",
	   (SELECT sum(blks_hit) FROM pg_catalog.pg_stat_database WHERE datname = (SELECT datname FROM pg_catalog.pg_database WHERE oid = 5)) AS ""Tocadas""
	) t",<not logged>
2024-11-17 23:15:42.565 GMT [34] LOG:  duration: 4.383 ms
2024-11-17 23:15:46.755 GMT [28] LOG:  checkpoint starting: time
2024-11-17 23:15:46.786 GMT [28] LOG:  checkpoint complete: wrote 3 buffers (0.0%); 0 WAL file(s) added, 0 removed, 0 recycled; write=0.003 s, sync=0.001 s, total=0.123 s; sync files=2, longest=0.001 s, average=0.001 s; distance=0 kB, estimate=0 kB; lsn=0/26C8370, redo lsn=0/26C8318
2024-11-17 23:15:47.505 GMT [34] LOG:  statement: /*pga4dash*/
	SELECT 'session_stats' AS chart_name, pg_catalog.row_to_json(t) AS chart_data
	FROM (SELECT
	   (SELECT count(*) FROM pg_catalog.pg_stat_activity WHERE datname = (SELECT datname FROM pg_catalog.pg_database WHERE oid = 5)) AS "Totales",
	   (SELECT count(*) FROM pg_catalog.pg_stat_activity WHERE state = 'active' AND datname = (SELECT datname FROM pg_catalog.pg_database WHERE oid = 5))  AS "Activa",
	   (SELECT count(*) FROM pg_catalog.pg_stat_activity WHERE state = 'idle' AND datname = (SELECT datname FROM pg_catalog.pg_database WHERE oid = 5))  AS "Inactiva"
	) t
	UNION ALL
	SELECT 'tps_stats' AS chart_name, pg_catalog.row_to_json(t) AS chart_data
	FROM (SELECT
	   (SELECT sum(xact_commit) + sum(xact_rollback) FROM pg_catalog.pg_stat_database WHERE datname = (SELECT datname FROM pg_catalog.pg_database WHERE oid = 5)) AS "Transacciones",
	   (SELECT sum(xact_commit) FROM pg_catalog.pg_stat_database WHERE datname = (SELECT datname FROM pg_catalog.pg_database WHERE oid = 5)) AS "Cometer",
	   (SELECT sum(xact_rollback) FROM pg_catalog.pg_stat_database WHERE datname = (SELECT datname FROM pg_catalog.pg_database WHERE oid = 5)) AS "Retroceder"
	) t
	UNION ALL
	SELECT 'ti_stats' AS chart_name, pg_catalog.row_to_json(t) AS chart_data
	FROM (SELECT
	   (SELECT sum(tup_inserted) FROM pg_catalog.pg_stat_database WHERE datname = (SELECT datname FROM pg_catalog.pg_database WHERE oid = 5)) AS "Insersiones",
	   (SELECT sum(tup_updated) FROM pg_catalog.pg_stat_database WHERE datname = (SELECT datname FROM pg_catalog.pg_database WHERE oid = 5)) AS "Actualizaciones",
	   (SELECT sum(tup_deleted) FROM pg_catalog.pg_stat_database WHERE datname = (SELECT datname FROM pg_catalog.pg_database WHERE oid = 5)) AS "Borrados"
	) t
	UNION ALL
	SELECT 'to_stats' AS chart_name, pg_catalog.row_to_json(t) AS chart_data
	FROM (SELECT
	   (SELECT sum(tup_fetched) FROM pg_catalog.pg_stat_database WHERE datname = (SELECT datname FROM pg_catalog.pg_database WHERE oid = 5)) AS "Recuperado",
	   (SELECT sum(tup_returned) FROM pg_catalog.pg_stat_database WHERE datname = (SELECT datname FROM pg_catalog.pg_database WHERE oid = 5)) AS "Retornado"
	) t
	UNION ALL
	SELECT 'bio_stats' AS chart_name, pg_catalog.row_to_json(t) AS chart_data
	FROM (SELECT
	   (SELECT sum(blks_read) FROM pg_catalog.pg_stat_database WHERE datname = (SELECT datname FROM pg_catalog.pg_database WHERE oid = 5)) AS "Leidas",
	   (SELECT sum(blks_hit) FROM pg_catalog.pg_stat_database WHERE datname = (SELECT datname FROM pg_catalog.pg_database WHERE oid = 5)) AS "Tocadas"
	) t
	
2024-11-17 23:15:47.508 GMT [34] LOG:  AUDIT: SESSION,27,1,READ,SELECT,,,"/*pga4dash*/
	SELECT 'session_stats' AS chart_name, pg_catalog.row_to_json(t) AS chart_data
	FROM (SELECT
	   (SELECT count(*) FROM pg_catalog.pg_stat_activity WHERE datname = (SELECT datname FROM pg_catalog.pg_database WHERE oid = 5)) AS ""Totales"",
	   (SELECT count(*) FROM pg_catalog.pg_stat_activity WHERE state = 'active' AND datname = (SELECT datname FROM pg_catalog.pg_database WHERE oid = 5))  AS ""Activa"",
	   (SELECT count(*) FROM pg_catalog.pg_stat_activity WHERE state = 'idle' AND datname = (SELECT datname FROM pg_catalog.pg_database WHERE oid = 5))  AS ""Inactiva""
	) t
	UNION ALL
	SELECT 'tps_stats' AS chart_name, pg_catalog.row_to_json(t) AS chart_data
	FROM (SELECT
	   (SELECT sum(xact_commit) + sum(xact_rollback) FROM pg_catalog.pg_stat_database WHERE datname = (SELECT datname FROM pg_catalog.pg_database WHERE oid = 5)) AS ""Transacciones"",
	   (SELECT sum(xact_commit) FROM pg_catalog.pg_stat_database WHERE datname = (SELECT datname FROM pg_catalog.pg_database WHERE oid = 5)) AS ""Cometer"",
	   (SELECT sum(xact_rollback) FROM pg_catalog.pg_stat_database WHERE datname = (SELECT datname FROM pg_catalog.pg_database WHERE oid = 5)) AS ""Retroceder""
	) t
	UNION ALL
	SELECT 'ti_stats' AS chart_name, pg_catalog.row_to_json(t) AS chart_data
	FROM (SELECT
	   (SELECT sum(tup_inserted) FROM pg_catalog.pg_stat_database WHERE datname = (SELECT datname FROM pg_catalog.pg_database WHERE oid = 5)) AS ""Insersiones"",
	   (SELECT sum(tup_updated) FROM pg_catalog.pg_stat_database WHERE datname = (SELECT datname FROM pg_catalog.pg_database WHERE oid = 5)) AS ""Actualizaciones"",
	   (SELECT sum(tup_deleted) FROM pg_catalog.pg_stat_database WHERE datname = (SELECT datname FROM pg_catalog.pg_database WHERE oid = 5)) AS ""Borrados""
	) t
	UNION ALL
	SELECT 'to_stats' AS chart_name, pg_catalog.row_to_json(t) AS chart_data
	FROM (SELECT
	   (SELECT sum(tup_fetched) FROM pg_catalog.pg_stat_database WHERE datname = (SELECT datname FROM pg_catalog.pg_database WHERE oid = 5)) AS ""Recuperado"",
	   (SELECT sum(tup_returned) FROM pg_catalog.pg_stat_database WHERE datname = (SELECT datname FROM pg_catalog.pg_database WHERE oid = 5)) AS ""Retornado""
	) t
	UNION ALL
	SELECT 'bio_stats' AS chart_name, pg_catalog.row_to_json(t) AS chart_data
	FROM (SELECT
	   (SELECT sum(blks_read) FROM pg_catalog.pg_stat_database WHERE datname = (SELECT datname FROM pg_catalog.pg_database WHERE oid = 5)) AS ""Leidas"",
	   (SELECT sum(blks_hit) FROM pg_catalog.pg_stat_database WHERE datname = (SELECT datname FROM pg_catalog.pg_database WHERE oid = 5)) AS ""Tocadas""
	) t",<not logged>
2024-11-17 23:15:47.509 GMT [34] LOG:  duration: 4.293 ms
2024-11-17 23:15:52.518 GMT [34] LOG:  statement: /*pga4dash*/
	SELECT 'session_stats' AS chart_name, pg_catalog.row_to_json(t) AS chart_data
	FROM (SELECT
	   (SELECT count(*) FROM pg_catalog.pg_stat_activity WHERE datname = (SELECT datname FROM pg_catalog.pg_database WHERE oid = 5)) AS "Totales",
	   (SELECT count(*) FROM pg_catalog.pg_stat_activity WHERE state = 'active' AND datname = (SELECT datname FROM pg_catalog.pg_database WHERE oid = 5))  AS "Activa",
	   (SELECT count(*) FROM pg_catalog.pg_stat_activity WHERE state = 'idle' AND datname = (SELECT datname FROM pg_catalog.pg_database WHERE oid = 5))  AS "Inactiva"
	) t
	UNION ALL
	SELECT 'tps_stats' AS chart_name, pg_catalog.row_to_json(t) AS chart_data
	FROM (SELECT
	   (SELECT sum(xact_commit) + sum(xact_rollback) FROM pg_catalog.pg_stat_database WHERE datname = (SELECT datname FROM pg_catalog.pg_database WHERE oid = 5)) AS "Transacciones",
	   (SELECT sum(xact_commit) FROM pg_catalog.pg_stat_database WHERE datname = (SELECT datname FROM pg_catalog.pg_database WHERE oid = 5)) AS "Cometer",
	   (SELECT sum(xact_rollback) FROM pg_catalog.pg_stat_database WHERE datname = (SELECT datname FROM pg_catalog.pg_database WHERE oid = 5)) AS "Retroceder"
	) t
	UNION ALL
	SELECT 'ti_stats' AS chart_name, pg_catalog.row_to_json(t) AS chart_data
	FROM (SELECT
	   (SELECT sum(tup_inserted) FROM pg_catalog.pg_stat_database WHERE datname = (SELECT datname FROM pg_catalog.pg_database WHERE oid = 5)) AS "Insersiones",
	   (SELECT sum(tup_updated) FROM pg_catalog.pg_stat_database WHERE datname = (SELECT datname FROM pg_catalog.pg_database WHERE oid = 5)) AS "Actualizaciones",
	   (SELECT sum(tup_deleted) FROM pg_catalog.pg_stat_database WHERE datname = (SELECT datname FROM pg_catalog.pg_database WHERE oid = 5)) AS "Borrados"
	) t
	UNION ALL
	SELECT 'to_stats' AS chart_name, pg_catalog.row_to_json(t) AS chart_data
	FROM (SELECT
	   (SELECT sum(tup_fetched) FROM pg_catalog.pg_stat_database WHERE datname = (SELECT datname FROM pg_catalog.pg_database WHERE oid = 5)) AS "Recuperado",
	   (SELECT sum(tup_returned) FROM pg_catalog.pg_stat_database WHERE datname = (SELECT datname FROM pg_catalog.pg_database WHERE oid = 5)) AS "Retornado"
	) t
	UNION ALL
	SELECT 'bio_stats' AS chart_name, pg_catalog.row_to_json(t) AS chart_data
	FROM (SELECT
	   (SELECT sum(blks_read) FROM pg_catalog.pg_stat_database WHERE datname = (SELECT datname FROM pg_catalog.pg_database WHERE oid = 5)) AS "Leidas",
	   (SELECT sum(blks_hit) FROM pg_catalog.pg_stat_database WHERE datname = (SELECT datname FROM pg_catalog.pg_database WHERE oid = 5)) AS "Tocadas"
	) t
	
2024-11-17 23:15:52.524 GMT [34] LOG:  AUDIT: SESSION,28,1,READ,SELECT,,,"/*pga4dash*/
	SELECT 'session_stats' AS chart_name, pg_catalog.row_to_json(t) AS chart_data
	FROM (SELECT
	   (SELECT count(*) FROM pg_catalog.pg_stat_activity WHERE datname = (SELECT datname FROM pg_catalog.pg_database WHERE oid = 5)) AS ""Totales"",
	   (SELECT count(*) FROM pg_catalog.pg_stat_activity WHERE state = 'active' AND datname = (SELECT datname FROM pg_catalog.pg_database WHERE oid = 5))  AS ""Activa"",
	   (SELECT count(*) FROM pg_catalog.pg_stat_activity WHERE state = 'idle' AND datname = (SELECT datname FROM pg_catalog.pg_database WHERE oid = 5))  AS ""Inactiva""
	) t
	UNION ALL
	SELECT 'tps_stats' AS chart_name, pg_catalog.row_to_json(t) AS chart_data
	FROM (SELECT
	   (SELECT sum(xact_commit) + sum(xact_rollback) FROM pg_catalog.pg_stat_database WHERE datname = (SELECT datname FROM pg_catalog.pg_database WHERE oid = 5)) AS ""Transacciones"",
	   (SELECT sum(xact_commit) FROM pg_catalog.pg_stat_database WHERE datname = (SELECT datname FROM pg_catalog.pg_database WHERE oid = 5)) AS ""Cometer"",
	   (SELECT sum(xact_rollback) FROM pg_catalog.pg_stat_database WHERE datname = (SELECT datname FROM pg_catalog.pg_database WHERE oid = 5)) AS ""Retroceder""
	) t
	UNION ALL
	SELECT 'ti_stats' AS chart_name, pg_catalog.row_to_json(t) AS chart_data
	FROM (SELECT
	   (SELECT sum(tup_inserted) FROM pg_catalog.pg_stat_database WHERE datname = (SELECT datname FROM pg_catalog.pg_database WHERE oid = 5)) AS ""Insersiones"",
	   (SELECT sum(tup_updated) FROM pg_catalog.pg_stat_database WHERE datname = (SELECT datname FROM pg_catalog.pg_database WHERE oid = 5)) AS ""Actualizaciones"",
	   (SELECT sum(tup_deleted) FROM pg_catalog.pg_stat_database WHERE datname = (SELECT datname FROM pg_catalog.pg_database WHERE oid = 5)) AS ""Borrados""
	) t
	UNION ALL
	SELECT 'to_stats' AS chart_name, pg_catalog.row_to_json(t) AS chart_data
	FROM (SELECT
	   (SELECT sum(tup_fetched) FROM pg_catalog.pg_stat_database WHERE datname = (SELECT datname FROM pg_catalog.pg_database WHERE oid = 5)) AS ""Recuperado"",
	   (SELECT sum(tup_returned) FROM pg_catalog.pg_stat_database WHERE datname = (SELECT datname FROM pg_catalog.pg_database WHERE oid = 5)) AS ""Retornado""
	) t
	UNION ALL
	SELECT 'bio_stats' AS chart_name, pg_catalog.row_to_json(t) AS chart_data
	FROM (SELECT
	   (SELECT sum(blks_read) FROM pg_catalog.pg_stat_database WHERE datname = (SELECT datname FROM pg_catalog.pg_database WHERE oid = 5)) AS ""Leidas"",
	   (SELECT sum(blks_hit) FROM pg_catalog.pg_stat_database WHERE datname = (SELECT datname FROM pg_catalog.pg_database WHERE oid = 5)) AS ""Tocadas""
	) t",<not logged>
2024-11-17 23:15:52.524 GMT [34] LOG:  duration: 6.789 ms
2024-11-17 23:15:54.263 GMT [36] LOG:  statement: SET DateStyle=ISO; SET client_min_messages=notice; SELECT set_config('bytea_output','hex',false) FROM pg_show_all_settings() WHERE name = 'bytea_output'; SET client_encoding='utf-8';
2024-11-17 23:15:54.263 GMT [36] LOG:  AUDIT: SESSION,1,1,MISC,SET,,,SET DateStyle=ISO,<not logged>
2024-11-17 23:15:54.263 GMT [36] LOG:  AUDIT: SESSION,2,1,MISC,SET,,,SET client_min_messages=notice,<not logged>
2024-11-17 23:15:54.264 GMT [36] LOG:  AUDIT: SESSION,3,1,READ,SELECT,,,"SELECT set_config('bytea_output','hex',false) FROM pg_show_all_settings() WHERE name = 'bytea_output'",<not logged>
2024-11-17 23:15:54.265 GMT [36] LOG:  AUDIT: SESSION,4,1,MISC,SET,,,SET client_encoding='utf-8',<not logged>
2024-11-17 23:15:54.265 GMT [36] LOG:  duration: 2.068 ms
2024-11-17 23:15:54.266 GMT [36] LOG:  statement: SELECT version()
2024-11-17 23:15:54.266 GMT [36] LOG:  AUDIT: SESSION,5,1,READ,SELECT,,,SELECT version(),<not logged>
2024-11-17 23:15:54.266 GMT [36] LOG:  duration: 0.204 ms
2024-11-17 23:15:54.267 GMT [36] LOG:  statement: 
	SELECT
	    db.oid as did, db.datname, db.datallowconn,
	    pg_encoding_to_char(db.encoding) AS serverencoding,
	    has_database_privilege(db.oid, 'CREATE') as cancreate,
	    datistemplate
	FROM
	    pg_catalog.pg_database db
	WHERE db.datname = current_database()
2024-11-17 23:15:54.268 GMT [36] LOG:  AUDIT: SESSION,6,1,READ,SELECT,,,"SELECT
	    db.oid as did, db.datname, db.datallowconn,
	    pg_encoding_to_char(db.encoding) AS serverencoding,
	    has_database_privilege(db.oid, 'CREATE') as cancreate,
	    datistemplate
	FROM
	    pg_catalog.pg_database db
	WHERE db.datname = current_database()",<not logged>
2024-11-17 23:15:54.268 GMT [36] LOG:  duration: 0.577 ms
2024-11-17 23:15:54.270 GMT [36] LOG:  statement: 
	        SELECT
	             gss_authenticated, encrypted
	        FROM
	            pg_catalog.pg_stat_gssapi
	        WHERE pid = pg_backend_pid()
2024-11-17 23:15:54.270 GMT [36] LOG:  AUDIT: SESSION,7,1,READ,SELECT,,,"SELECT
	             gss_authenticated, encrypted
	        FROM
	            pg_catalog.pg_stat_gssapi
	        WHERE pid = pg_backend_pid()",<not logged>
2024-11-17 23:15:54.270 GMT [36] LOG:  duration: 0.687 ms
2024-11-17 23:15:54.272 GMT [36] LOG:  statement: 
	        SELECT
	            roles.oid as id, roles.rolname as name,
	            roles.rolsuper as is_superuser,
	            CASE WHEN roles.rolsuper THEN true ELSE roles.rolcreaterole END as
	            can_create_role,
	            CASE WHEN roles.rolsuper THEN true
	            ELSE roles.rolcreatedb END as can_create_db,
	            CASE WHEN 'pg_signal_backend'=ANY(ARRAY(WITH RECURSIVE cte AS (
	            SELECT pg_roles.oid,pg_roles.rolname FROM pg_roles
	                WHERE pg_roles.oid = roles.oid
	            UNION ALL
	            SELECT m.roleid,pgr.rolname FROM cte cte_1
	                JOIN pg_auth_members m ON m.member = cte_1.oid
	                JOIN pg_roles pgr ON pgr.oid = m.roleid)
	            SELECT rolname  FROM cte)) THEN True
	            ELSE False END as can_signal_backend
	        FROM
	            pg_catalog.pg_roles as roles
	        WHERE
	            rolname = current_user
2024-11-17 23:15:54.275 GMT [36] LOG:  AUDIT: SESSION,8,1,READ,SELECT,,,"SELECT
	            roles.oid as id, roles.rolname as name,
	            roles.rolsuper as is_superuser,
	            CASE WHEN roles.rolsuper THEN true ELSE roles.rolcreaterole END as
	            can_create_role,
	            CASE WHEN roles.rolsuper THEN true
	            ELSE roles.rolcreatedb END as can_create_db,
	            CASE WHEN 'pg_signal_backend'=ANY(ARRAY(WITH RECURSIVE cte AS (
	            SELECT pg_roles.oid,pg_roles.rolname FROM pg_roles
	                WHERE pg_roles.oid = roles.oid
	            UNION ALL
	            SELECT m.roleid,pgr.rolname FROM cte cte_1
	                JOIN pg_auth_members m ON m.member = cte_1.oid
	                JOIN pg_roles pgr ON pgr.oid = m.roleid)
	            SELECT rolname  FROM cte)) THEN True
	            ELSE False END as can_signal_backend
	        FROM
	            pg_catalog.pg_roles as roles
	        WHERE
	            rolname = current_user",<not logged>
2024-11-17 23:15:54.276 GMT [36] LOG:  duration: 4.577 ms
2024-11-17 23:15:54.289 GMT [34] LOG:  statement: SELECT n.nspname, r.relname
	FROM pg_catalog.pg_class r
	    LEFT JOIN pg_catalog.pg_namespace n ON (r.relnamespace = n.oid)
	WHERE r.oid = 16549;
	
2024-11-17 23:15:54.290 GMT [34] LOG:  AUDIT: SESSION,29,1,READ,SELECT,,,"SELECT n.nspname, r.relname
	FROM pg_catalog.pg_class r
	    LEFT JOIN pg_catalog.pg_namespace n ON (r.relnamespace = n.oid)
	WHERE r.oid = 16549",<not logged>
2024-11-17 23:15:54.290 GMT [34] LOG:  duration: 0.428 ms
2024-11-17 23:15:54.316 GMT [34] LOG:  statement: SELECT at.attname, at.attnum, ty.typname
	FROM pg_catalog.pg_attribute at LEFT JOIN pg_catalog.pg_type ty ON (ty.oid = at.atttypid)
	JOIN pg_catalog.pg_class as cl ON cl.oid=AT.attrelid
	JOIN pg_catalog.pg_namespace as nsp ON nsp.oid=cl.relnamespace
	WHERE
	    cl.relname = 'Cita' AND nsp.nspname='public' AND
	attnum = ANY (
	(SELECT con.conkey FROM pg_catalog.pg_class rel LEFT OUTER JOIN pg_catalog.pg_constraint con ON con.conrelid=rel.oid
	JOIN pg_catalog.pg_namespace as nsp ON nsp.oid=REL.relnamespace
	AND con.contype='p' WHERE rel.relkind IN ('r','s','t', 'p') AND
	    rel.relname = 'Cita' AND nsp.nspname='public'
	)::oid[])
2024-11-17 23:15:55.157 GMT [34] LOG:  AUDIT: SESSION,30,1,READ,SELECT,,,"SELECT at.attname, at.attnum, ty.typname
	FROM pg_catalog.pg_attribute at LEFT JOIN pg_catalog.pg_type ty ON (ty.oid = at.atttypid)
	JOIN pg_catalog.pg_class as cl ON cl.oid=AT.attrelid
	JOIN pg_catalog.pg_namespace as nsp ON nsp.oid=cl.relnamespace
	WHERE
	    cl.relname = 'Cita' AND nsp.nspname='public' AND
	attnum = ANY (
	(SELECT con.conkey FROM pg_catalog.pg_class rel LEFT OUTER JOIN pg_catalog.pg_constraint con ON con.conrelid=rel.oid
	JOIN pg_catalog.pg_namespace as nsp ON nsp.oid=REL.relnamespace
	AND con.contype='p' WHERE rel.relkind IN ('r','s','t', 'p') AND
	    rel.relname = 'Cita' AND nsp.nspname='public'
	)::oid[])",<not logged>
2024-11-17 23:15:55.158 GMT [34] LOG:  duration: 842.090 ms
2024-11-17 23:15:55.175 GMT [34] LOG:  statement: SELECT at.attname, at.attnum, ty.typname
	FROM pg_catalog.pg_attribute at LEFT JOIN pg_catalog.pg_type ty ON (ty.oid = at.atttypid)
	JOIN pg_catalog.pg_class as cl ON cl.oid=AT.attrelid
	JOIN pg_catalog.pg_namespace as nsp ON nsp.oid=cl.relnamespace
	WHERE
	    cl.relname = 'Cita' AND nsp.nspname='public' AND
	attnum = ANY (
	(SELECT con.conkey FROM pg_catalog.pg_class rel LEFT OUTER JOIN pg_catalog.pg_constraint con ON con.conrelid=rel.oid
	JOIN pg_catalog.pg_namespace as nsp ON nsp.oid=REL.relnamespace
	AND con.contype='p' WHERE rel.relkind IN ('r','s','t', 'p') AND
	    rel.relname = 'Cita' AND nsp.nspname='public'
	)::oid[])
2024-11-17 23:15:55.176 GMT [34] LOG:  AUDIT: SESSION,31,1,READ,SELECT,,,"SELECT at.attname, at.attnum, ty.typname
	FROM pg_catalog.pg_attribute at LEFT JOIN pg_catalog.pg_type ty ON (ty.oid = at.atttypid)
	JOIN pg_catalog.pg_class as cl ON cl.oid=AT.attrelid
	JOIN pg_catalog.pg_namespace as nsp ON nsp.oid=cl.relnamespace
	WHERE
	    cl.relname = 'Cita' AND nsp.nspname='public' AND
	attnum = ANY (
	(SELECT con.conkey FROM pg_catalog.pg_class rel LEFT OUTER JOIN pg_catalog.pg_constraint con ON con.conrelid=rel.oid
	JOIN pg_catalog.pg_namespace as nsp ON nsp.oid=REL.relnamespace
	AND con.contype='p' WHERE rel.relkind IN ('r','s','t', 'p') AND
	    rel.relname = 'Cita' AND nsp.nspname='public'
	)::oid[])",<not logged>
2024-11-17 23:15:55.177 GMT [34] LOG:  duration: 1.375 ms
2024-11-17 23:15:55.180 GMT [36] LOG:  statement: SELECT * FROM public."Cita"
	ORDER BY id ASC 
2024-11-17 23:15:55.556 GMT [36] LOG:  AUDIT: SESSION,9,1,READ,SELECT,,,"SELECT * FROM public.""Cita""
	ORDER BY id ASC",<not logged>
2024-11-17 23:15:55.557 GMT [36] LOG:  duration: 377.217 ms
2024-11-17 23:15:55.669 GMT [36] LOG:  statement: SELECT DISTINCT att.attname as name, att.attnum as OID, pg_catalog.format_type(ty.oid,NULL) AS datatype,
	att.attnotnull as not_null, att.atthasdef as has_default_val, des.description, seq.seqtypid
	FROM pg_catalog.pg_attribute att
	    JOIN pg_catalog.pg_type ty ON ty.oid=atttypid
	    JOIN pg_catalog.pg_namespace tn ON tn.oid=ty.typnamespace
	    JOIN pg_catalog.pg_class cl ON cl.oid=att.attrelid
	    JOIN pg_catalog.pg_namespace na ON na.oid=cl.relnamespace
	    LEFT OUTER JOIN pg_catalog.pg_type et ON et.oid=ty.typelem
	    LEFT OUTER JOIN pg_catalog.pg_attrdef def ON adrelid=att.attrelid AND adnum=att.attnum
	    LEFT OUTER JOIN (pg_catalog.pg_depend JOIN pg_catalog.pg_class cs ON classid='pg_class'::regclass AND objid=cs.oid AND cs.relkind='S') ON refobjid=att.attrelid AND refobjsubid=att.attnum
	    LEFT OUTER JOIN pg_catalog.pg_namespace ns ON ns.oid=cs.relnamespace
	    LEFT OUTER JOIN pg_catalog.pg_index pi ON pi.indrelid=att.attrelid AND indisprimary
	    LEFT OUTER JOIN pg_catalog.pg_description des ON (des.objoid=att.attrelid AND des.objsubid=att.attnum AND des.classoid='pg_class'::regclass)
	    LEFT OUTER JOIN pg_catalog.pg_sequence seq ON cs.oid=seq.seqrelid
	WHERE
	
	    att.attrelid = 16549::oid
	    AND att.attnum > 0
	    AND att.attisdropped IS FALSE
	ORDER BY att.attnum
2024-11-17 23:15:55.678 GMT [36] LOG:  AUDIT: SESSION,10,1,READ,SELECT,,,"SELECT DISTINCT att.attname as name, att.attnum as OID, pg_catalog.format_type(ty.oid,NULL) AS datatype,
	att.attnotnull as not_null, att.atthasdef as has_default_val, des.description, seq.seqtypid
	FROM pg_catalog.pg_attribute att
	    JOIN pg_catalog.pg_type ty ON ty.oid=atttypid
	    JOIN pg_catalog.pg_namespace tn ON tn.oid=ty.typnamespace
	    JOIN pg_catalog.pg_class cl ON cl.oid=att.attrelid
	    JOIN pg_catalog.pg_namespace na ON na.oid=cl.relnamespace
	    LEFT OUTER JOIN pg_catalog.pg_type et ON et.oid=ty.typelem
	    LEFT OUTER JOIN pg_catalog.pg_attrdef def ON adrelid=att.attrelid AND adnum=att.attnum
	    LEFT OUTER JOIN (pg_catalog.pg_depend JOIN pg_catalog.pg_class cs ON classid='pg_class'::regclass AND objid=cs.oid AND cs.relkind='S') ON refobjid=att.attrelid AND refobjsubid=att.attnum
	    LEFT OUTER JOIN pg_catalog.pg_namespace ns ON ns.oid=cs.relnamespace
	    LEFT OUTER JOIN pg_catalog.pg_index pi ON pi.indrelid=att.attrelid AND indisprimary
	    LEFT OUTER JOIN pg_catalog.pg_description des ON (des.objoid=att.attrelid AND des.objsubid=att.attnum AND des.classoid='pg_class'::regclass)
	    LEFT OUTER JOIN pg_catalog.pg_sequence seq ON cs.oid=seq.seqrelid
	WHERE
	
	    att.attrelid = 16549::oid
	    AND att.attnum > 0
	    AND att.attisdropped IS FALSE
	ORDER BY att.attnum",<not logged>
2024-11-17 23:15:55.682 GMT [36] LOG:  duration: 12.915 ms
2024-11-17 23:15:55.685 GMT [36] LOG:  duration: 0.179 ms  parse <unnamed>: SELECT oid, pg_catalog.format_type(oid, NULL) AS typname FROM pg_catalog.pg_type WHERE oid = ANY($1) ORDER BY oid;
2024-11-17 23:15:55.685 GMT [36] LOG:  AUDIT: SESSION,11,1,READ,SELECT,,,"SELECT oid, pg_catalog.format_type(oid, NULL) AS typname FROM pg_catalog.pg_type WHERE oid = ANY($1) ORDER BY oid",<not logged>
2024-11-17 23:15:55.685 GMT [36] LOG:  duration: 0.245 ms  bind <unnamed>: SELECT oid, pg_catalog.format_type(oid, NULL) AS typname FROM pg_catalog.pg_type WHERE oid = ANY($1) ORDER BY oid;
2024-11-17 23:15:55.685 GMT [36] DETAIL:  Parameters: $1 = '{23,25,1114,25,25,25,25}'
2024-11-17 23:15:55.685 GMT [36] LOG:  execute <unnamed>: SELECT oid, pg_catalog.format_type(oid, NULL) AS typname FROM pg_catalog.pg_type WHERE oid = ANY($1) ORDER BY oid;
2024-11-17 23:15:55.685 GMT [36] DETAIL:  Parameters: $1 = '{23,25,1114,25,25,25,25}'
2024-11-17 23:15:55.685 GMT [36] LOG:  duration: 0.028 ms
2024-11-17 23:21:23.440 GMT [42] LOG:  statement: BEGIN
2024-11-17 23:21:23.440 GMT [42] LOG:  AUDIT: SESSION,1,1,MISC,BEGIN,,,BEGIN,<not logged>
2024-11-17 23:21:23.440 GMT [42] LOG:  duration: 0.271 ms
2024-11-17 23:21:23.441 GMT [42] LOG:  statement: SELECT pg_cancel_backend(36);
2024-11-17 23:21:23.442 GMT [42] LOG:  AUDIT: SESSION,2,1,READ,SELECT,,,SELECT pg_cancel_backend(36),<not logged>
2024-11-17 23:21:23.442 GMT [42] LOG:  duration: 1.496 ms
